app/build/intermediates/manifest_merge_blame_file/debug/processDebugMainManifest/manifest-merger-blame-debug-report.txt
1<?xml version="1.0" encoding="utf-8"?>
2<!-- GREP: MANIFEST_VIRTUALCAM -->
3<manifest xmlns:android="http://schemas.android.com/apk/res/android"
4    package="com.example.virtualcam"
5    android:versionCode="1"
6    android:versionName="1.0" >
7
8    <uses-sdk
9        android:minSdkVersion="24"
10        android:targetSdkVersion="34" />
11
12    <permission
12-->[androidx.core:core:1.13.1] AndroidManifest.xml:22:5-24:47
13        android:name="com.example.virtualcam.DYNAMIC_RECEIVER_NOT_EXPORTED_PERMISSION"
13-->[androidx.core:core:1.13.1] AndroidManifest.xml:23:9-81
14        android:protectionLevel="signature" />
14-->[androidx.core:core:1.13.1] AndroidManifest.xml:24:9-44
15
16    <uses-permission android:name="com.example.virtualcam.DYNAMIC_RECEIVER_NOT_EXPORTED_PERMISSION" />
16-->[androidx.core:core:1.13.1] AndroidManifest.xml:26:5-97
16-->[androidx.core:core:1.13.1] AndroidManifest.xml:26:22-94
17
18    <application
18-->src\main\AndroidManifest.xml:5:5-56:19
19        android:name="com.example.virtualcam.VirtualCamApp"
19-->src\main\AndroidManifest.xml:6:9-60
20        android:allowBackup="false"
20-->src\main\AndroidManifest.xml:7:9-36
21        android:appComponentFactory="androidx.core.app.CoreComponentFactory"
21-->[androidx.core:core:1.13.1] AndroidManifest.xml:28:18-86
22        android:dataExtractionRules="@xml/data_extraction_rules"
22-->src\main\AndroidManifest.xml:8:9-65
23        android:debuggable="true"
24        android:extractNativeLibs="false"
25        android:fullBackupContent="false"
25-->src\main\AndroidManifest.xml:9:9-42
26        android:icon="@mipmap/ic_launcher"
26-->src\main\AndroidManifest.xml:10:9-43
27        android:label="VirtualCam"
27-->src\main\AndroidManifest.xml:11:9-35
28        android:roundIcon="@mipmap/ic_launcher"
28-->src\main\AndroidManifest.xml:12:9-48
29        android:supportsRtl="true"
29-->src\main\AndroidManifest.xml:13:9-35
30        android:theme="@style/Theme.VirtualCam" >
30-->src\main\AndroidManifest.xml:14:9-48
31        <activity
31-->src\main\AndroidManifest.xml:16:9-19:37
32            android:name="com.example.virtualcam.ui.AboutActivity"
32-->src\main\AndroidManifest.xml:17:13-67
33            android:exported="false"
33-->src\main\AndroidManifest.xml:18:13-37
34            android:label="About" />
34-->src\main\AndroidManifest.xml:19:13-34
35        <activity
35-->src\main\AndroidManifest.xml:20:9-23:43
36            android:name="com.example.virtualcam.ui.DiagnosticsActivity"
36-->src\main\AndroidManifest.xml:21:13-73
37            android:exported="false"
37-->src\main\AndroidManifest.xml:22:13-37
38            android:label="Diagnostics" />
38-->src\main\AndroidManifest.xml:23:13-40
39        <activity
39-->src\main\AndroidManifest.xml:24:9-27:39
40            android:name="com.example.virtualcam.ui.HistoryActivity"
40-->src\main\AndroidManifest.xml:25:13-69
41            android:exported="false"
41-->src\main\AndroidManifest.xml:26:13-37
42            android:label="History" />
42-->src\main\AndroidManifest.xml:27:13-36
43        <activity
43-->src\main\AndroidManifest.xml:28:9-36:20
44            android:name="com.example.virtualcam.ui.MainActivity"
44-->src\main\AndroidManifest.xml:29:13-66
45            android:exported="true"
45-->src\main\AndroidManifest.xml:30:13-36
46            android:label="VirtualCam" >
46-->src\main\AndroidManifest.xml:31:13-39
47            <intent-filter>
47-->src\main\AndroidManifest.xml:32:13-35:29
48                <action android:name="android.intent.action.MAIN" />
48-->src\main\AndroidManifest.xml:33:17-69
48-->src\main\AndroidManifest.xml:33:25-66
49
50                <category android:name="android.intent.category.LAUNCHER" />
50-->src\main\AndroidManifest.xml:34:17-77
50-->src\main\AndroidManifest.xml:34:27-74
51            </intent-filter>
52        </activity>
53
54        <provider
54-->src\main\AndroidManifest.xml:38:9-45:82
55            android:name="com.example.virtualcam.provider.VirtualCamProvider"
55-->src\main\AndroidManifest.xml:39:13-78
56            android:authorities="com.example.virtualcam.provider"
56-->src\main\AndroidManifest.xml:40:13-66
57            android:enabled="true"
57-->src\main\AndroidManifest.xml:41:13-35
58            android:exported="true"
58-->src\main\AndroidManifest.xml:42:13-36
59            android:grantUriPermissions="true"
59-->src\main\AndroidManifest.xml:43:13-47
60            android:readPermission="android.permission.READ_EXTERNAL_STORAGE"
60-->src\main\AndroidManifest.xml:44:13-78
61            android:writePermission="android.permission.READ_EXTERNAL_STORAGE" />
61-->src\main\AndroidManifest.xml:45:13-79
62
63        <meta-data
63-->src\main\AndroidManifest.xml:47:9-49:36
64            android:name="xposedmodule"
64-->src\main\AndroidManifest.xml:48:13-40
65            android:value="true" />
65-->src\main\AndroidManifest.xml:49:13-33
66        <meta-data
66-->src\main\AndroidManifest.xml:50:9-52:66
67            android:name="xposeddescription"
67-->src\main\AndroidManifest.xml:51:13-45
68            android:value="Virtual camera stream substitution" />
68-->src\main\AndroidManifest.xml:52:13-63
69        <meta-data
69-->src\main\AndroidManifest.xml:53:9-55:34
70            android:name="xposedminversion"
70-->src\main\AndroidManifest.xml:54:13-44
71            android:value="93" />
71-->src\main\AndroidManifest.xml:55:13-31
72
73        <activity
73-->[androidx.compose.ui:ui-tooling-android:1.6.8] AndroidManifest.xml:23:9-25:39
74            android:name="androidx.compose.ui.tooling.PreviewActivity"
74-->[androidx.compose.ui:ui-tooling-android:1.6.8] AndroidManifest.xml:24:13-71
75            android:exported="true" />
75-->[androidx.compose.ui:ui-tooling-android:1.6.8] AndroidManifest.xml:25:13-36
76        <activity
76-->[androidx.compose.ui:ui-test-manifest:1.6.8] AndroidManifest.xml:23:9-25:39
77            android:name="androidx.activity.ComponentActivity"
77-->[androidx.compose.ui:ui-test-manifest:1.6.8] AndroidManifest.xml:24:13-63
78            android:exported="true" />
78-->[androidx.compose.ui:ui-test-manifest:1.6.8] AndroidManifest.xml:25:13-36
79
80        <provider
80-->[androidx.emoji2:emoji2:1.3.0] AndroidManifest.xml:24:9-32:20
81            android:name="androidx.startup.InitializationProvider"
81-->[androidx.emoji2:emoji2:1.3.0] AndroidManifest.xml:25:13-67
82            android:authorities="com.example.virtualcam.androidx-startup"
82-->[androidx.emoji2:emoji2:1.3.0] AndroidManifest.xml:26:13-68
83            android:exported="false" >
83-->[androidx.emoji2:emoji2:1.3.0] AndroidManifest.xml:27:13-37
84            <meta-data
84-->[androidx.emoji2:emoji2:1.3.0] AndroidManifest.xml:29:13-31:52
85                android:name="androidx.emoji2.text.EmojiCompatInitializer"
85-->[androidx.emoji2:emoji2:1.3.0] AndroidManifest.xml:30:17-75
86                android:value="androidx.startup" />
86-->[androidx.emoji2:emoji2:1.3.0] AndroidManifest.xml:31:17-49
87            <meta-data
87-->[androidx.lifecycle:lifecycle-process:2.8.4] AndroidManifest.xml:29:13-31:52
88                android:name="androidx.lifecycle.ProcessLifecycleInitializer"
88-->[androidx.lifecycle:lifecycle-process:2.8.4] AndroidManifest.xml:30:17-78
89                android:value="androidx.startup" />
89-->[androidx.lifecycle:lifecycle-process:2.8.4] AndroidManifest.xml:31:17-49
90            <meta-data
90-->[androidx.profileinstaller:profileinstaller:1.3.1] AndroidManifest.xml:29:13-31:52
91                android:name="androidx.profileinstaller.ProfileInstallerInitializer"
91-->[androidx.profileinstaller:profileinstaller:1.3.1] AndroidManifest.xml:30:17-85
92                android:value="androidx.startup" />
92-->[androidx.profileinstaller:profileinstaller:1.3.1] AndroidManifest.xml:31:17-49
93        </provider>
94
95        <service
95-->[androidx.room:room-runtime:2.6.1] AndroidManifest.xml:24:9-28:63
96            android:name="androidx.room.MultiInstanceInvalidationService"
96-->[androidx.room:room-runtime:2.6.1] AndroidManifest.xml:25:13-74
97            android:directBootAware="true"
97-->[androidx.room:room-runtime:2.6.1] AndroidManifest.xml:26:13-43
98            android:exported="false" />
98-->[androidx.room:room-runtime:2.6.1] AndroidManifest.xml:27:13-37
99
100        <receiver
100-->[androidx.profileinstaller:profileinstaller:1.3.1] AndroidManifest.xml:34:9-52:20
101            android:name="androidx.profileinstaller.ProfileInstallReceiver"
101-->[androidx.profileinstaller:profileinstaller:1.3.1] AndroidManifest.xml:35:13-76
102            android:directBootAware="false"
102-->[androidx.profileinstaller:profileinstaller:1.3.1] AndroidManifest.xml:36:13-44
103            android:enabled="true"
103-->[androidx.profileinstaller:profileinstaller:1.3.1] AndroidManifest.xml:37:13-35
104            android:exported="true"
104-->[androidx.profileinstaller:profileinstaller:1.3.1] AndroidManifest.xml:38:13-36
105            android:permission="android.permission.DUMP" >
105-->[androidx.profileinstaller:profileinstaller:1.3.1] AndroidManifest.xml:39:13-57
106            <intent-filter>
106-->[androidx.profileinstaller:profileinstaller:1.3.1] AndroidManifest.xml:40:13-42:29
107                <action android:name="androidx.profileinstaller.action.INSTALL_PROFILE" />
107-->[androidx.profileinstaller:profileinstaller:1.3.1] AndroidManifest.xml:41:17-91
107-->[androidx.profileinstaller:profileinstaller:1.3.1] AndroidManifest.xml:41:25-88
108            </intent-filter>
109            <intent-filter>
109-->[androidx.profileinstaller:profileinstaller:1.3.1] AndroidManifest.xml:43:13-45:29
110                <action android:name="androidx.profileinstaller.action.SKIP_FILE" />
110-->[androidx.profileinstaller:profileinstaller:1.3.1] AndroidManifest.xml:44:17-85
110-->[androidx.profileinstaller:profileinstaller:1.3.1] AndroidManifest.xml:44:25-82
111            </intent-filter>
112            <intent-filter>
112-->[androidx.profileinstaller:profileinstaller:1.3.1] AndroidManifest.xml:46:13-48:29
113                <action android:name="androidx.profileinstaller.action.SAVE_PROFILE" />
113-->[androidx.profileinstaller:profileinstaller:1.3.1] AndroidManifest.xml:47:17-88
113-->[androidx.profileinstaller:profileinstaller:1.3.1] AndroidManifest.xml:47:25-85
114            </intent-filter>
115            <intent-filter>
115-->[androidx.profileinstaller:profileinstaller:1.3.1] AndroidManifest.xml:49:13-51:29
116                <action android:name="androidx.profileinstaller.action.BENCHMARK_OPERATION" />
116-->[androidx.profileinstaller:profileinstaller:1.3.1] AndroidManifest.xml:50:17-95
116-->[androidx.profileinstaller:profileinstaller:1.3.1] AndroidManifest.xml:50:25-92
117            </intent-filter>
118        </receiver>
119    </application>
120
121</manifest>